<?xml version="1.0" encoding="UTF-8"?>
<testng-results skipped="2" failed="0" total="2" passed="0">
  <reporter-output>
  </reporter-output>
  <suite name="Default suite" duration-ms="33985" started-at="2017-04-03T05:58:39Z" finished-at="2017-04-03T05:59:13Z">
    <groups>
    </groups>
    <test name="Default test" duration-ms="33985" started-at="2017-04-03T05:58:39Z" finished-at="2017-04-03T05:59:13Z">
      <class name="com.selenium.datafromexcel.modules.print.VerifyUserDetails">
        <test-method status="PASS" signature="checkSuiteSkip()[pri:0, instance:com.selenium.datafromexcel.modules.print.VerifyUserDetails@48140564]" name="checkSuiteSkip" is-config="true" duration-ms="2546" started-at="2017-04-02T22:58:37Z" finished-at="2017-04-02T22:58:39Z">
          <reporter-output>
          </reporter-output>
        </test-method> <!-- checkSuiteSkip -->
        <test-method status="FAIL" signature="testRunCheckup()[pri:0, instance:com.selenium.datafromexcel.modules.print.VerifyUserDetails@48140564]" name="testRunCheckup" is-config="true" duration-ms="0" started-at="2017-04-02T22:58:39Z" finished-at="2017-04-02T22:58:39Z">
          <exception class="org.openqa.selenium.remote.UnreachableBrowserException">
            <message>
              <![CDATA[Error communicating with the remote browser. It may have died.
Build info: version: '2.44.0', revision: '76d78cf', time: '2014-10-23 20:03:00'
System info: host: 'Ganesha-PC', ip: '192.168.42.103', os.name: 'Windows 7', os.arch: 'amd64', os.version: '6.1', java.version: '1.8.0_65'
Driver info: driver.version: RemoteWebDriver]]>
            </message>
            <full-stacktrace>
              <![CDATA[org.openqa.selenium.remote.UnreachableBrowserException: Error communicating with the remote browser. It may have died.
Build info: version: '2.44.0', revision: '76d78cf', time: '2014-10-23 20:03:00'
System info: host: 'Ganesha-PC', ip: '192.168.42.103', os.name: 'Windows 7', os.arch: 'amd64', os.version: '6.1', java.version: '1.8.0_65'
Driver info: driver.version: RemoteWebDriver
	at org.openqa.selenium.remote.RemoteWebDriver.execute(RemoteWebDriver.java:593)
	at org.openqa.selenium.remote.RemoteWebDriver$RemoteWebDriverOptions$RemoteWindow.maximize(RemoteWebDriver.java:829)
	at com.selenium.datafromexcel.base.Base.openBrowser(Base.java:179)
	at com.selenium.datafromexcel.modules.print.VerifyUserDetails.testRunCheckup(VerifyUserDetails.java:41)
	at sun.reflect.NativeMethodAccessorImpl.invoke0(Native Method)
	at sun.reflect.NativeMethodAccessorImpl.invoke(Unknown Source)
	at sun.reflect.DelegatingMethodAccessorImpl.invoke(Unknown Source)
	at java.lang.reflect.Method.invoke(Unknown Source)
	at org.testng.internal.MethodInvocationHelper.invokeMethod(MethodInvocationHelper.java:84)
	at org.testng.internal.Invoker.invokeConfigurationMethod(Invoker.java:564)
	at org.testng.internal.Invoker.invokeConfigurations(Invoker.java:213)
	at org.testng.internal.Invoker.invokeConfigurations(Invoker.java:138)
	at org.testng.TestRunner.beforeRun(TestRunner.java:641)
	at org.testng.TestRunner.run(TestRunner.java:609)
	at org.testng.SuiteRunner.runTest(SuiteRunner.java:334)
	at org.testng.SuiteRunner.runSequentially(SuiteRunner.java:329)
	at org.testng.SuiteRunner.privateRun(SuiteRunner.java:291)
	at org.testng.SuiteRunner.run(SuiteRunner.java:240)
	at org.testng.SuiteRunnerWorker.runSuite(SuiteRunnerWorker.java:52)
	at org.testng.SuiteRunnerWorker.run(SuiteRunnerWorker.java:86)
	at org.testng.TestNG.runSuitesSequentially(TestNG.java:1224)
	at org.testng.TestNG.runSuitesLocally(TestNG.java:1149)
	at org.testng.TestNG.run(TestNG.java:1057)
	at org.testng.remote.RemoteTestNG.run(RemoteTestNG.java:115)
	at org.testng.remote.RemoteTestNG.initAndRun(RemoteTestNG.java:207)
	at org.testng.remote.RemoteTestNG.main(RemoteTestNG.java:178)
Caused by: org.openqa.selenium.WebDriverException: java.net.SocketException: Connection reset
Build info: version: '2.44.0', revision: '76d78cf', time: '2014-10-23 20:03:00'
System info: host: 'Ganesha-PC', ip: '192.168.42.103', os.name: 'Windows 7', os.arch: 'amd64', os.version: '6.1', java.version: '1.8.0_65'
Driver info: driver.version: RemoteWebDriver
	at org.openqa.selenium.remote.service.DriverCommandExecutor.execute(DriverCommandExecutor.java:75)
	at org.openqa.selenium.remote.RemoteWebDriver.execute(RemoteWebDriver.java:572)
	... 25 more
Caused by: java.net.SocketException: Connection reset
	at java.net.SocketInputStream.read(Unknown Source)
	at java.net.SocketInputStream.read(Unknown Source)
	at org.apache.http.impl.conn.LoggingInputStream.read(LoggingInputStream.java:87)
	at org.apache.http.impl.io.SessionInputBufferImpl.streamRead(SessionInputBufferImpl.java:136)
	at org.apache.http.impl.io.SessionInputBufferImpl.fillBuffer(SessionInputBufferImpl.java:152)
	at org.apache.http.impl.io.SessionInputBufferImpl.readLine(SessionInputBufferImpl.java:270)
	at org.apache.http.impl.conn.DefaultHttpResponseParser.parseHead(DefaultHttpResponseParser.java:140)
	at org.apache.http.impl.conn.DefaultHttpResponseParser.parseHead(DefaultHttpResponseParser.java:57)
	at org.apache.http.impl.io.AbstractMessageParser.parse(AbstractMessageParser.java:260)
	at org.apache.http.impl.DefaultBHttpClientConnection.receiveResponseHeader(DefaultBHttpClientConnection.java:161)
	at org.apache.http.impl.conn.CPoolProxy.receiveResponseHeader(CPoolProxy.java:153)
	at org.apache.http.protocol.HttpRequestExecutor.doReceiveResponse(HttpRequestExecutor.java:271)
	at org.apache.http.protocol.HttpRequestExecutor.execute(HttpRequestExecutor.java:123)
	at org.apache.http.impl.execchain.MainClientExec.execute(MainClientExec.java:254)
	at org.apache.http.impl.execchain.ProtocolExec.execute(ProtocolExec.java:195)
	at org.apache.http.impl.execchain.RetryExec.execute(RetryExec.java:86)
	at org.apache.http.impl.execchain.RedirectExec.execute(RedirectExec.java:108)
	at org.apache.http.impl.client.InternalHttpClient.doExecute(InternalHttpClient.java:184)
	at org.apache.http.impl.client.CloseableHttpClient.execute(CloseableHttpClient.java:72)
	at org.apache.http.impl.client.CloseableHttpClient.execute(CloseableHttpClient.java:57)
	at org.openqa.selenium.remote.HttpCommandExecutor.fallBackExecute(HttpCommandExecutor.java:215)
	at org.openqa.selenium.remote.HttpCommandExecutor.execute(HttpCommandExecutor.java:184)
	at org.openqa.selenium.remote.service.DriverCommandExecutor.execute(DriverCommandExecutor.java:66)
	... 26 more
]]>
            </full-stacktrace>
          </exception> <!-- org.openqa.selenium.remote.UnreachableBrowserException -->
          <reporter-output>
          </reporter-output>
        </test-method> <!-- testRunCheckup -->
        <test-method status="SKIP" signature="createAccount()[pri:0, instance:com.selenium.datafromexcel.modules.print.VerifyUserDetails@48140564]" name="createAccount" duration-ms="2" started-at="2017-04-02T22:59:13Z" finished-at="2017-04-02T22:59:13Z">
          <reporter-output>
          </reporter-output>
        </test-method> <!-- createAccount -->
        <test-method status="SKIP" signature="runAfterMethod()[pri:0, instance:com.selenium.datafromexcel.modules.print.VerifyUserDetails@48140564]" name="runAfterMethod" is-config="true" duration-ms="0" started-at="2017-04-02T22:59:13Z" finished-at="2017-04-02T22:59:13Z">
          <reporter-output>
          </reporter-output>
        </test-method> <!-- runAfterMethod -->
        <test-method status="SKIP" signature="performSign(java.lang.String, java.lang.String)[pri:0, instance:com.selenium.datafromexcel.modules.print.VerifyUserDetails@48140564]" name="performSign" duration-ms="2" started-at="2017-04-02T22:59:13Z" data-provider="getUserData" finished-at="2017-04-02T22:59:13Z">
          <params>
            <param index="0">
              <value>
                <![CDATA[sudheerprod10@target.com]]>
              </value>
            </param>
            <param index="1">
              <value>
                <![CDATA[Abcd1234]]>
              </value>
            </param>
          </params>
          <reporter-output>
          </reporter-output>
        </test-method> <!-- performSign -->
        <test-method status="SKIP" signature="runAfterMethod()[pri:0, instance:com.selenium.datafromexcel.modules.print.VerifyUserDetails@48140564]" name="runAfterMethod" is-config="true" duration-ms="0" started-at="2017-04-02T22:59:13Z" finished-at="2017-04-02T22:59:13Z">
          <reporter-output>
          </reporter-output>
        </test-method> <!-- runAfterMethod -->
        <test-method status="SKIP" signature="releaseResources()[pri:0, instance:com.selenium.datafromexcel.modules.print.VerifyUserDetails@48140564]" name="releaseResources" is-config="true" duration-ms="0" started-at="2017-04-02T22:59:13Z" finished-at="2017-04-02T22:59:13Z">
          <reporter-output>
          </reporter-output>
        </test-method> <!-- releaseResources -->
        <test-method status="SKIP" signature="releaseResource()[pri:0, instance:com.selenium.datafromexcel.modules.print.VerifyUserDetails@48140564]" name="releaseResource" is-config="true" duration-ms="0" started-at="2017-04-02T22:59:13Z" finished-at="2017-04-02T22:59:13Z">
          <reporter-output>
          </reporter-output>
        </test-method> <!-- releaseResource -->
      </class> <!-- com.selenium.datafromexcel.modules.print.VerifyUserDetails -->
    </test> <!-- Default test -->
  </suite> <!-- Default suite -->
</testng-results>
