<?xml version="1.0" encoding="UTF-8"?>
<!-- Generated by org.testng.reporters.JUnitXMLReporter -->
<testsuite hostname="LS_sudheerkumar_r" name="Verify User details" tests="2" failures="0" timestamp="15 Apr 2015 03:18:44 GMT" time="0.005" errors="0">
  <testcase name="@BeforeSuite checkSuiteSkip" time="0.0" classname="com.selenium.datafromexcel.modules.print.VerifyUserDetails">
    <skipped/>
  </testcase> <!-- @BeforeSuite checkSuiteSkip -->
  <testcase name="@BeforeTest testRunCheckup" time="0.0" classname="com.selenium.datafromexcel.modules.print.VerifyUserDetails">
    <skipped/>
  </testcase> <!-- @BeforeTest testRunCheckup -->
  <testcase name="@AfterMethod runAfterMethod" time="0.0" classname="com.selenium.datafromexcel.modules.print.VerifyUserDetails">
    <skipped/>
  </testcase> <!-- @AfterMethod runAfterMethod -->
  <testcase name="@AfterMethod runAfterMethod" time="0.0" classname="com.selenium.datafromexcel.modules.print.VerifyUserDetails">
    <skipped/>
  </testcase> <!-- @AfterMethod runAfterMethod -->
  <testcase name="@AfterTest releaseResources" time="0.0" classname="com.selenium.datafromexcel.modules.print.VerifyUserDetails">
    <skipped/>
  </testcase> <!-- @AfterTest releaseResources -->
  <testcase name="createAccount" time="0.0" classname="com.selenium.datafromexcel.modules.print.VerifyUserDetails">
    <skipped/>
  </testcase> <!-- createAccount -->
  <testcase name="performSign" time="0.0" classname="com.selenium.datafromexcel.modules.print.VerifyUserDetails">
    <skipped/>
  </testcase> <!-- performSign -->
</testsuite> <!-- Verify User details -->
